<?xml version="1.0" encoding="UTF-8"?>
<coverage generated="1783130421246" clover="3.2.0">
  <project timestamp="1783130421246" name="All files">
    <metrics statements="35" coveredstatements="23" conditionals="9" coveredconditionals="7" methods="11" coveredmethods="10" elements="55" coveredelements="40" complexity="0" loc="35" ncloc="35" packages="2" files="3" classes="3"/>
    <package name="src">
      <metrics statements="12" coveredstatements="0" conditionals="2" coveredconditionals="0" methods="1" coveredmethods="0"/>
      <file name="app.module.ts" path="/Users/alejandroleon/Developer/arrow-maze/backend/src/app.module.ts">
        <metrics statements="2" coveredstatements="0" conditionals="0" coveredconditionals="0" methods="0" coveredmethods="0"/>
        <line num="1" count="0" type="stmt"/>
        <line num="8" count="0" type="stmt"/>
      </file>
      <file name="main.ts" path="/Users/alejandroleon/Developer/arrow-maze/backend/src/main.ts">
        <metrics statements="10" coveredstatements="0" conditionals="2" coveredconditionals="0" methods="1" coveredmethods="0"/>
        <line num="1" count="0" type="stmt"/>
        <line num="2" count="0" type="stmt"/>
        <line num="3" count="0" type="stmt"/>
        <line num="6" count="0" type="stmt"/>
        <line num="8" count="0" type="stmt"/>
        <line num="10" count="0" type="stmt"/>
        <line num="18" count="0" type="cond" truecount="0" falsecount="2"/>
        <line num="19" count="0" type="stmt"/>
        <line num="20" count="0" type="stmt"/>
        <line num="22" count="0" type="stmt"/>
      </file>
    </package>
    <package name="src.domain.models">
      <metrics statements="23" coveredstatements="23" conditionals="7" coveredconditionals="7" methods="10" coveredmethods="10"/>
      <file name="user.ts" path="/Users/alejandroleon/Developer/arrow-maze/backend/src/domain/models/user.ts">
        <metrics statements="23" coveredstatements="23" conditionals="7" coveredconditionals="7" methods="10" coveredmethods="10"/>
        <line num="22" count="1" type="stmt"/>
        <line num="30" count="14" type="stmt"/>
        <line num="31" count="11" type="stmt"/>
        <line num="32" count="9" type="stmt"/>
        <line num="34" count="8" type="stmt"/>
        <line num="35" count="8" type="stmt"/>
        <line num="36" count="8" type="stmt"/>
        <line num="37" count="8" type="stmt"/>
        <line num="38" count="8" type="stmt"/>
        <line num="44" count="1" type="stmt"/>
        <line num="48" count="2" type="stmt"/>
        <line num="52" count="1" type="stmt"/>
        <line num="56" count="6" type="stmt"/>
        <line num="60" count="1" type="stmt"/>
        <line num="70" count="5" type="stmt"/>
        <line num="71" count="2" type="stmt"/>
        <line num="77" count="14" type="stmt"/>
        <line num="78" count="14" type="cond" truecount="1" falsecount="0"/>
        <line num="79" count="3" type="stmt"/>
        <line num="84" count="16" type="cond" truecount="3" falsecount="0"/>
        <line num="85" count="5" type="stmt"/>
        <line num="90" count="9" type="cond" truecount="3" falsecount="0"/>
        <line num="91" count="1" type="stmt"/>
      </file>
    </package>
  </project>
</coverage>
