TN:
SF:src/app.module.ts
FNF:0
FNH:0
DA:1,0
DA:8,0
LF:2
LH:0
BRF:0
BRH:0
end_of_record
TN:
SF:src/main.ts
FN:5,bootstrap
FNF:1
FNH:0
FNDA:0,bootstrap
DA:1,0
DA:2,0
DA:3,0
DA:6,0
DA:8,0
DA:10,0
DA:18,0
DA:19,0
DA:20,0
DA:22,0
LF:10
LH:0
BRDA:18,0,0,0
BRDA:18,0,1,0
BRF:2
BRH:0
end_of_record
TN:
SF:src/domain/models/user.ts
FN:29,(anonymous_0)
FN:43,(anonymous_1)
FN:47,(anonymous_2)
FN:51,(anonymous_3)
FN:55,(anonymous_4)
FN:59,(anonymous_5)
FN:69,(anonymous_6)
FN:76,(anonymous_7)
FN:83,(anonymous_8)
FN:89,(anonymous_9)
FNF:10
FNH:10
FNDA:14,(anonymous_0)
FNDA:1,(anonymous_1)
FNDA:2,(anonymous_2)
FNDA:1,(anonymous_3)
FNDA:6,(anonymous_4)
FNDA:1,(anonymous_5)
FNDA:5,(anonymous_6)
FNDA:14,(anonymous_7)
FNDA:16,(anonymous_8)
FNDA:9,(anonymous_9)
DA:22,1
DA:30,14
DA:31,11
DA:32,9
DA:34,8
DA:35,8
DA:36,8
DA:37,8
DA:38,8
DA:44,1
DA:48,2
DA:52,1
DA:56,6
DA:60,1
DA:70,5
DA:71,2
DA:77,14
DA:78,14
DA:79,3
DA:84,16
DA:85,5
DA:90,9
DA:91,1
LF:23
LH:23
BRDA:78,0,0,3
BRDA:84,1,0,5
BRDA:84,2,0,16
BRDA:84,2,1,13
BRDA:90,3,0,1
BRDA:90,4,0,9
BRDA:90,4,1,8
BRF:7
BRH:7
end_of_record
